2025-08-20 10:14:29 Loading main app package /usr/lib/obsidian/obsidian.asar
2025-08-20 10:14:29 Checking for update using Github
2025-08-20 10:14:29 Success.
2025-08-20 10:14:29 Latest version is 1.9.10
2025-08-20 10:14:29 App is up to date.
2025-08-20 10:16:56 Loading main app package /usr/lib/obsidian/obsidian.asar
2025-08-20 10:16:57 Checking for update using Github
2025-08-20 10:16:57 Success.
2025-08-20 10:16:57 Latest version is 1.9.10
2025-08-20 10:16:57 App is up to date.
2025-08-20 11:16:56 Checking for update using Github
2025-08-20 11:16:57 Success.
2025-08-20 11:16:57 Latest version is 1.9.10
2025-08-20 11:16:57 App is up to date.
2025-08-20 15:04:10 Loading main app package /usr/lib/obsidian/obsidian.asar
2025-08-20 15:04:10 Checking for update using Github
2025-08-20 15:04:10 Success.
2025-08-20 15:04:10 Latest version is 1.9.10
2025-08-20 15:04:10 App is up to date.
2025-08-21 17:26:09 Loading main app package /usr/lib/obsidian/obsidian.asar
2025-08-21 17:26:09 Checking for update using Github
2025-08-21 17:26:10 Success.
2025-08-21 17:26:10 Latest version is 1.9.10
2025-08-21 17:26:10 App is up to date.
